<?xml version="1.0" encoding="UTF-8"?>
<!-- Generated by org.testng.reporters.JUnitReportReporter -->
<testsuite hostname="DESKTOP-QAIDOER" failures="0" tests="5" name="com.automation.testcases.ExamplePriorityAndDependencyTest" time="0.013" errors="0" timestamp="2023-05-08T08:31:48 MSK" skipped="0">
  <testcase classname="com.automation.testcases.ExamplePriorityAndDependencyTest" name="test5" time="0.001"/>
  <system-out/>
  <testcase classname="com.automation.testcases.ExamplePriorityAndDependencyTest" name="test1" time="0.008"/>
  <system-out/>
  <testcase classname="com.automation.testcases.ExamplePriorityAndDependencyTest" name="test2" time="0.000"/>
  <system-out/>
  <testcase classname="com.automation.testcases.ExamplePriorityAndDependencyTest" name="test3" time="0.001"/>
  <system-out/>
  <testcase classname="com.automation.testcases.ExamplePriorityAndDependencyTest" name="test4" time="0.003"/>
  <system-out/>
</testsuite> <!-- com.automation.testcases.ExamplePriorityAndDependencyTest -->
