<?xml version="1.0" encoding="UTF-8"?>
<!-- Generated by org.testng.reporters.JUnitReportReporter -->
<testsuite hostname="DESKTOP-QAIDOER" failures="0" tests="4" name="com.automation.testcases.DataDrivenTest" time="0.009" errors="0" timestamp="2023-05-08T10:56:24 MSK" skipped="0">
  <testcase classname="com.automation.testcases.DataDrivenTest" name="verifyLoginSuccessfulWithValidCred" time="0.006"/>
  <system-out/>
  <testcase classname="com.automation.testcases.DataDrivenTest" name="verifyLoginUnsuccessfulWithInvalidCredentials" time="0.002"/>
  <system-out/>
  <testcase classname="com.automation.testcases.DataDrivenTest" name="verifyLoginUnsuccessfulWithInvalidCredentials3" time="0.000"/>
  <system-out/>
  <testcase classname="com.automation.testcases.DataDrivenTest" name="verifyLoginUnsuccessfulWithInvalidCredentials2" time="0.001"/>
  <system-out/>
</testsuite> <!-- com.automation.testcases.DataDrivenTest -->
