<?xml version="1.0" encoding="UTF-8"?>
<!-- Generated by org.testng.reporters.JUnitReportReporter -->
<testsuite hostname="DESKTOP-QAIDOER" failures="0" tests="11" name="com.automation.testcases.DataDrivenTestWithExcel" time="0.012" errors="0" timestamp="2023-05-11T22:59:29 MSK" skipped="0">
  <testcase classname="com.automation.testcases.DataDrivenTestWithExcel" name="verifyLoginSuccessfulWithValidCred" time="0.005"/>
  <system-out/>
  <testcase classname="com.automation.testcases.DataDrivenTestWithExcel" name="verifyLoginUnsuccessfulWithInvalidCredentials" time="0.001"/>
  <system-out/>
  <testcase classname="com.automation.testcases.DataDrivenTestWithExcel" name="verifyLoginUnsuccessfulWithInvalidCredentials" time="0.000"/>
  <system-out/>
  <testcase classname="com.automation.testcases.DataDrivenTestWithExcel" name="verifyLoginUnsuccessfulWithInvalidCredentials" time="0.004"/>
  <system-out/>
  <testcase classname="com.automation.testcases.DataDrivenTestWithExcel" name="verifyLoginUnsuccessfulWithInvalidCredentials" time="0.001"/>
  <system-out/>
  <testcase classname="com.automation.testcases.DataDrivenTestWithExcel" name="verifyLoginUnsuccessfulWithInvalidCredentials" time="0.000"/>
  <system-out/>
  <testcase classname="com.automation.testcases.DataDrivenTestWithExcel" name="verifyLoginUnsuccessfulWithInvalidCredentials" time="0.000"/>
  <system-out/>
  <testcase classname="com.automation.testcases.DataDrivenTestWithExcel" name="verifyLoginUnsuccessfulWithInvalidCredentials" time="0.001"/>
  <system-out/>
  <testcase classname="com.automation.testcases.DataDrivenTestWithExcel" name="verifyLoginUnsuccessfulWithInvalidCredentials" time="0.000"/>
  <system-out/>
  <testcase classname="com.automation.testcases.DataDrivenTestWithExcel" name="verifyLoginUnsuccessfulWithInvalidCredentials" time="0.000"/>
  <system-out/>
  <testcase classname="com.automation.testcases.DataDrivenTestWithExcel" name="verifyLoginUnsuccessfulWithInvalidCredentials" time="0.000"/>
  <system-out/>
</testsuite> <!-- com.automation.testcases.DataDrivenTestWithExcel -->
