<?xml version="1.0" encoding="UTF-8"?>
<!-- Generated by org.testng.reporters.JUnitReportReporter -->
<testsuite hostname="DESKTOP-QAIDOER" failures="0" tests="1" name="com.automation.testcases.DataDrivenTest" time="0.007" errors="0" timestamp="2023-05-08T10:41:30 MSK" skipped="0">
  <testcase classname="com.automation.testcases.DataDrivenTest" name="verifyLoginUnsuccessfulWithInvalidCredentials" time="0.007"/>
  <system-out/>
</testsuite> <!-- com.automation.testcases.DataDrivenTest -->
