<?xml version="1.0" encoding="UTF-8"?>
<!-- Generated by org.testng.reporters.JUnitReportReporter -->
<testsuite hostname="DESKTOP-QAIDOER" failures="0" tests="5" name="com.automation.testcases.CalculatorTest" time="0.015" errors="0" timestamp="2023-05-10T11:02:37 MSK" skipped="0">
  <testcase classname="com.automation.testcases.CalculatorTest" name="testValidDiv" time="0.008"/>
  <system-out/>
  <testcase classname="com.automation.testcases.CalculatorTest" name="testValidDiv" time="0.001"/>
  <system-out/>
  <testcase classname="com.automation.testcases.CalculatorTest" name="testValidDiv" time="0.000"/>
  <system-out/>
  <testcase classname="com.automation.testcases.CalculatorTest" name="testValidDiv" time="0.001"/>
  <system-out/>
  <testcase classname="com.automation.testcases.CalculatorTest" name="testInvalidDiv" time="0.005"/>
  <system-out/>
</testsuite> <!-- com.automation.testcases.CalculatorTest -->
