<?xml version="1.0" encoding="UTF-8"?>
<!-- Generated by org.testng.reporters.JUnitReportReporter -->
<testsuite hostname="DESKTOP-QAIDOER" failures="0" tests="1" name="com.automation.testcases.SoftAssertHardAssert" time="0.013" errors="0" timestamp="2023-05-08T09:14:21 MSK" skipped="0">
  <testcase classname="com.automation.testcases.SoftAssertHardAssert" name="testSoftAssert" time="0.013"/>
  <system-out/>
</testsuite> <!-- com.automation.testcases.SoftAssertHardAssert -->
