<?xml version="1.0" encoding="UTF-8"?>
<!-- Generated by org.testng.reporters.JUnitReportReporter -->
<testsuite hostname="DESKTOP-QAIDOER" failures="0" tests="2" name="com.automation.testcases.SoftAssertHardAssert" time="0.009" errors="0" timestamp="2023-05-08T09:09:41 MSK" skipped="0">
  <testcase classname="com.automation.testcases.SoftAssertHardAssert" name="testHardAssert" time="0.009"/>
  <system-out/>
  <testcase classname="com.automation.testcases.SoftAssertHardAssert" name="testSoftAssert" time="0.000"/>
  <system-out/>
</testsuite> <!-- com.automation.testcases.SoftAssertHardAssert -->
